 ____                                        ____  _   _  ___
|  _ \ _ __ ___   __ _ _ __ __ _ _ __ ___   |  _ \| | | |/ _ \
| |_) | '__/ _ \ / _` | '__/ _` | '_ ` _ \  | | | | | | | | | |
|  __/| | | (_) | (_| | | | (_| | | | | | | | |_| | |_| | |_| |
|_|   |_|  \___/ \__, |_|  \__,_|_| |_| |_| |____/ \___/ \___/
                 |___/


Please refer to:
 Sergei N. Yurchenko, Lorenzo Lodi, Jonathan Tennyson and Andrey V. Stolyarov, 
 `DUO: A general program for calculating spectra of diatomic molecules',
  Computer Physics Communication, Volume 202, May 2016, pages 262-275
  Contacts: s.yurchenko@ucl.ac.uk; l.lodi@ucl.ac.uk; j.tennyson@ucl.ac.uk; 
            avstol@phys.chem.msu.ru
  http://arxiv.org/abs/1601.06531
  Check https://github.com/Trovemaster for the latest version!

Values of physical constants used by DUO:
                    Planck constant h =   6.626069570000E-27    erg*second
                     Speed of light c =     29979245800.0000     cm/second
                       Bohr radius a0 =      0.5291772109200     angstroms
                    Hartree energy Eh =    219474.6313708000         cm^-1
           Unified atomic mass unit u =   1.660538921000E-24         grams
           Unified atomic mass unit u =   1822.8884861185961            me
                    Electron charge e =   1.602176565000E-19      Coulombs
                Boltzmann constant kB =   1.380648800000E-16    erg/Kelvin
                Boltzmann constant kB =   0.6950347606422950  cm^-1/Kelvin
                    Avogadro constant =   6.022141290000E+23        mol^-1
      Fine structure constant 1/alpha =   137.03599907466793
                     Electron mass me =   9.109382903261E-28         grams
                  a.u. of dipole e*a0 =       2.541746363812        debyes
                          1 erg      =>   1.000000000000E-07         Joule
                          1 erg      =>   5.034117008194E+15         cm^-1
                          1 eV       =>      8065.5442959967         cm^-1
                          1 kCal/mol =>       349.7550878997         cm^-1
                          1 kJ/mol   =>        83.5934722514         cm^-1
                          1 THz      =>        33.3564095198         cm^-1

(Transcript of the input --->)
(AlH Henry's EMO)

atoms C O

molecule CO

(Total number of states taken into account)
nstates 1

(Total angular momentum quantum  - a value or an interval)
jrot 0 1 2 - 30

(Defining the integration grid)
grid
  npoints 501  (odd)
  range  0.5, 5.0
  type 0   (nsub)
  re 1.7
end


symmetry Cs(M)


DIAGONALIZER
 SYEV
 enermax 28000
end


CONTRACTION
  vib
  vmax   20
END


poten 1
name "X1Sigma+"
symmetry +
type  EMO
lambda 0
mult   1
TYPE  CO_X_UBO
values
v0       0.0
end


dipole 1 1
name "L_2015"
type POLYNOM_DIMENSIONLESS
spin   0.0 0.0
lambda  0  0
values
a0   -0.1229099d0
re    1.12832252847d0
a1    3.604742d0
a2   -0.23716d0
a3   -3.67326d0
a4    1.4892d0
a5    1.8293d0
a6   -4.342d0
end



INTENSITY
  absorption
  THRESH_INTES  1e-40
  THRESH_LINE   1e-40
  thresh_dipole 1e-7
  TEMPERATURE   2000.0
  nspin         0.5 2.5
  linelist  CO
  J,  0.0, 4.0
  freq-window    0.0,   30000.0
  energy low   -0.001, 30000.00, upper   -0.00, 30000.0
END


(<--- End of the input.)

Atom #1 specified as: C
Information from the internal database:
Nuclide full name          = Carbon-12
Element name               = Carbon
Element symbol             = C
Nuclear charge Z           =     6
Atomic mass                =      12.000000000000 +/-  0.00E+00 Daltons
Nuclear mass               =      11.996708520545   (=atomic mass - Z*me)
Nuclear mass + core elec.  =      11.997805680364   (=nuclear mass +   2*me)
Nuclear spin               =   0.0 hbar
Nuclear stability          = Stable nuclide
Natural isotopic abundance =    98.930000 %

Using the following mass m1 =           12.000000000000

Atom #2 specified as: O
Information from the internal database:
Nuclide full name          = Oxygen-16
Element name               = Oxygen
Element symbol             = O
Nuclear charge Z           =     8
Atomic mass                =      15.994914619570 +/-  1.70E-10 Daltons
Nuclear mass               =      15.990525980297   (=atomic mass - Z*me)
Nuclear mass + core elec.  =      15.991623140115   (=nuclear mass +   2*me)
Nuclear spin               =   0.0 hbar
Nuclear stability          = Stable nuclide
Natural isotopic abundance =    99.757000 %

Using the following mass m2 =           15.994914619570

Reduced mass is      6.85620863800256         atomic mass units (Daltons)
Reduced mass is      12498.1037846417         atomic units (electron masses)

Using a uniformly spaced grid with npoints =             501
rmin, rmax, step (in ang)   =          0.50000000000000         5.00000000000000         0.00900000000000
rmin, rmax, step (in bohrs) =          0.94486306228253         9.44863062282531         0.01700753512109

Generate a grid representation for all Hamiltonian terms
...done!


Potential functions:
     1                        X1Sigma+  type =             CO_X_UBO
            r(Ang)                     1
        0.50000000        1.19606208E+06
        0.50900000        1.12658889E+06
        0.51800000        1.06069432E+06
        0.52700000        9.98224054E+05
        0.53600000        9.39028657E+05
        0.54500000        8.82963264E+05
        0.55400000        8.29887382E+05
        0.56300000        7.79664759E+05
        0.57200000        7.32163298E+05
        0.58100000        6.87255018E+05
        0.59000000        6.44816048E+05
        0.59900000        6.04726626E+05
        0.60800000        5.66871122E+05
        0.61700000        5.31138056E+05
        0.62600000        4.97420113E+05
        0.63500000        4.65614156E+05
        0.64400000        4.35621218E+05
        0.65300000        4.07346492E+05
        0.66200000        3.80699300E+05
        0.67100000        3.55593044E+05
        0.68000000        3.31945146E+05
        0.68900000        3.09676972E+05
        0.69800000        2.88713741E+05
        0.70700000        2.68984422E+05
        0.71600000        2.50421615E+05
        0.72500000        2.32961435E+05
        0.73400000        2.16543372E+05
        0.74300000        2.01110161E+05
        0.75200000        1.86607637E+05
        0.76100000        1.72984596E+05
        0.77000000        1.60192649E+05
        0.77900000        1.48186084E+05
        0.78800000        1.36921721E+05
        0.79700000        1.26358782E+05
        0.80600000        1.16458757E+05
        0.81500000        1.07185275E+05
        0.82400000        9.85039857E+04
        0.83300000        9.03824423E+04
        0.84200000        8.27899909E+04
        0.85100000        7.56976675E+04
        0.86000000        6.90780994E+04
        0.86900000        6.29054126E+04
        0.87800000        5.71551448E+04
        0.88700000        5.18041643E+04
        0.89600000        4.68305928E+04
        0.90500000        4.22137339E+04
        0.91400000        3.79340056E+04
        0.92300000        3.39728775E+04
        0.93200000        3.03128108E+04
        0.94100000        2.69372034E+04
        0.95000000        2.38303371E+04
        0.95900000        2.09773289E+04
        0.96800000        1.83640846E+04
        0.97700000        1.59772554E+04
        0.98600000        1.38041972E+04
        0.99500000        1.18329319E+04
        1.00400000        1.00521111E+04
        1.01300000        8.45098219E+03
        1.02200000        7.01935609E+03
        1.03100000        5.74757669E+03
        1.04000000        4.62649242E+03
        1.04900000        3.64742918E+03
        1.05800000        2.80216490E+03
        1.06700000        2.08290549E+03
        1.07600000        1.48226220E+03
        1.08500000        9.93230193E+02
        1.09400000        6.09168388E+02
        1.10300000        3.23780370E+02
        1.11200000        1.31096406E+02
        1.12100000        2.54564379E+01
        1.13000000        1.49402621E+00
        1.13900000        5.41211785E+01
        1.14800000        1.78514008E+02
        1.15700000        3.70099180E+02
        1.16600000        6.24541092E+02
        1.17500000        9.37729755E+02
        1.18400000        1.30576932E+03
        1.19300000        1.72496723E+03
        1.20200000        2.19182395E+03
        1.21100000        2.70302322E+03
        1.22000000        3.25542289E+03
        1.22900000        3.84604614E+03
        1.23800000        4.47207325E+03
        1.24700000        5.13083374E+03
        1.25600000        5.81979894E+03
        1.26500000        6.53657496E+03
        1.27400000        7.27889598E+03
        1.28300000        8.04461790E+03
        1.29200000        8.83171235E+03
        1.30100000        9.63826090E+03
        1.31000000        1.04624497E+04
        1.31900000        1.13025643E+04
        1.32800000        1.21569846E+04
        1.33700000        1.30241805E+04
        1.34600000        1.39027070E+04
        1.35500000        1.47912005E+04
        1.36400000        1.56883743E+04
        1.37300000        1.65930151E+04
        1.38200000        1.75039792E+04
        1.39100000        1.84201892E+04
        1.40000000        1.93406303E+04
        1.40900000        2.02643476E+04
        1.41800000        2.11904431E+04
        1.42700000        2.21180723E+04
        1.43600000        2.30464421E+04
        1.44500000        2.39748080E+04
        1.45400000        2.49024714E+04
        1.46300000        2.58287775E+04
        1.47200000        2.67531130E+04
        1.48100000        2.76749040E+04
        1.49000000        2.85936138E+04
        1.49900000        2.95087412E+04
        1.50800000        3.04198183E+04
        1.51700000        3.13264092E+04
        1.52600000        3.22281078E+04
        1.53500000        3.31245367E+04
        1.54400000        3.40153452E+04
        1.55300000        3.49002083E+04
        1.56200000        3.57788250E+04
        1.57100000        3.66509171E+04
        1.58000000        3.75162279E+04
        1.58900000        3.83745211E+04
        1.59800000        3.92255795E+04
        1.60700000        4.00692041E+04
        1.61600000        4.09052130E+04
        1.62500000        4.17334405E+04
        1.63400000        4.25537361E+04
        1.64300000        4.33659634E+04
        1.65200000        4.41699997E+04
        1.66100000        4.49657352E+04
        1.67000000        4.57530717E+04
        1.67900000        4.65319225E+04
        1.68800000        4.73022113E+04
        1.69700000        4.80638720E+04
        1.70600000        4.88168476E+04
        1.71500000        4.95610901E+04
        1.72400000        5.02965594E+04
        1.73300000        5.10232236E+04
        1.74200000        5.17410578E+04
        1.75100000        5.24500437E+04
        1.76000000        5.31501697E+04
        1.76900000        5.38414300E+04
        1.77800000        5.45238244E+04
        1.78700000        5.51973579E+04
        1.79600000        5.58620404E+04
        1.80500000        5.65178864E+04
        1.81400000        5.71649145E+04
        1.82300000        5.78031476E+04
        1.83200000        5.84326119E+04
        1.84100000        5.90533374E+04
        1.85000000        5.96653571E+04
        1.85900000        6.02687071E+04
        1.86800000        6.08634264E+04
        1.87700000        6.14495564E+04
        1.88600000        6.20271411E+04
        1.89500000        6.25962268E+04
        1.90400000        6.31568617E+04
        1.91300000        6.37090961E+04
        1.92200000        6.42529822E+04
        1.93100000        6.47885738E+04
        1.94000000        6.53159263E+04
        1.94900000        6.58350967E+04
        1.95800000        6.63461432E+04
        1.96700000        6.68491254E+04
        1.97600000        6.73441041E+04
        1.98500000        6.78311412E+04
        1.99400000        6.83102997E+04
        2.00300000        6.87816435E+04
        2.01200000        6.92452376E+04
        2.02100000        6.97011478E+04
        2.03000000        7.01494406E+04
        2.03900000        7.05901835E+04
        2.04800000        7.10234444E+04
        2.05700000        7.14492924E+04
        2.06600000        7.18677967E+04
        2.07500000        7.22790275E+04
        2.08400000        7.26830556E+04
        2.09300000        7.30799520E+04
        2.10200000        7.34697886E+04
        2.11100000        7.38526377E+04
        2.12000000        7.42285720E+04
        2.12900000        7.45976647E+04
        2.13800000        7.49599895E+04
        2.14700000        7.53156206E+04
        2.15600000        7.56646322E+04
        2.16500000        7.60070993E+04
        2.17400000        7.63430971E+04
        2.18300000        7.66727009E+04
        2.19200000        7.69959868E+04
        2.20100000        7.73130307E+04
        2.21000000        7.76239090E+04
        2.21900000        7.79286983E+04
        2.22800000        7.82274755E+04
        2.23700000        7.85203175E+04
        2.24600000        7.88073015E+04
        2.25500000        7.90885050E+04
        2.26400000        7.93640053E+04
        2.27300000        7.96338800E+04
        2.28200000        7.98982067E+04
        2.29100000        8.01570632E+04
        2.30000000        8.04105272E+04
        2.30900000        8.06586763E+04
        2.31800000        8.09015882E+04
        2.32700000        8.11393407E+04
        2.33600000        8.13720111E+04
        2.34500000        8.15996769E+04
        2.35400000        8.18224154E+04
        2.36300000        8.20403038E+04
        2.37200000        8.22534188E+04
        2.38100000        8.24618373E+04
        2.39000000        8.26656356E+04
        2.39900000        8.28648899E+04
        2.40800000        8.30596760E+04
        2.41700000        8.32500695E+04
        2.42600000        8.34361454E+04
        2.43500000        8.36179786E+04
        2.44400000        8.37956432E+04
        2.45300000        8.39692133E+04
        2.46200000        8.41387621E+04
        2.47100000        8.43043627E+04
        2.48000000        8.44660873E+04
        2.48900000        8.46240079E+04
        2.49800000        8.47781957E+04
        2.50700000        8.49287213E+04
        2.51600000        8.50756548E+04
        2.52500000        8.52190656E+04
        2.53400000        8.53590226E+04
        2.54300000        8.54955937E+04
        2.55200000        8.56288464E+04
        2.56100000        8.57588474E+04
        2.57000000        8.58856626E+04
        2.57900000        8.60093573E+04
        2.58800000        8.61299959E+04
        2.59700000        8.62476420E+04
        2.60600000        8.63623586E+04
        2.61500000        8.64742078E+04
        2.62400000        8.65832509E+04
        2.63300000        8.66895482E+04
        2.64200000        8.67931595E+04
        2.65100000        8.68941436E+04
        2.66000000        8.69925584E+04
        2.66900000        8.70884610E+04
        2.67800000        8.71819077E+04
        2.68700000        8.72729539E+04
        2.69600000        8.73616540E+04
        2.70500000        8.74480617E+04
        2.71400000        8.75322299E+04
        2.72300000        8.76142103E+04
        2.73200000        8.76940541E+04
        2.74100000        8.77718114E+04
        2.75000000        8.78475314E+04
        2.75900000        8.79212627E+04
        2.76800000        8.79930527E+04
        2.77700000        8.80629481E+04
        2.78600000        8.81309947E+04
        2.79500000        8.81972375E+04
        2.80400000        8.82617206E+04
        2.81300000        8.83244872E+04
        2.82200000        8.83855798E+04
        2.83100000        8.84450398E+04
        2.84000000        8.85029080E+04
        2.84900000        8.85592244E+04
        2.85800000        8.86140280E+04
        2.86700000        8.86673572E+04
        2.87600000        8.87192492E+04
        2.88500000        8.87697410E+04
        2.89400000        8.88188683E+04
        2.90300000        8.88666664E+04
        2.91200000        8.89131694E+04
        2.92100000        8.89584112E+04
        2.93000000        8.90024244E+04
        2.93900000        8.90452413E+04
        2.94800000        8.90868933E+04
        2.95700000        8.91274109E+04
        2.96600000        8.91668242E+04
        2.97500000        8.92051625E+04
        2.98400000        8.92424544E+04
        2.99300000        8.92787278E+04
        3.00200000        8.93140099E+04
        3.01100000        8.93483274E+04
        3.02000000        8.93817062E+04
        3.02900000        8.94141717E+04
        3.03800000        8.94457487E+04
        3.04700000        8.94764612E+04
        3.05600000        8.95063327E+04
        3.06500000        8.95353862E+04
        3.07400000        8.95636442E+04
        3.08300000        8.95911283E+04
        3.09200000        8.96178599E+04
        3.10100000        8.96438596E+04
        3.11000000        8.96691477E+04
        3.11900000        8.96937439E+04
        3.12800000        8.97176672E+04
        3.13700000        8.97409364E+04
        3.14600000        8.97635697E+04
        3.15500000        8.97855848E+04
        3.16400000        8.98069989E+04
        3.17300000        8.98278287E+04
        3.18200000        8.98480908E+04
        3.19100000        8.98678009E+04
        3.20000000        8.98869745E+04
        3.20900000        8.99056268E+04
        3.21800000        8.99237723E+04
        3.22700000        8.99414255E+04
        3.23600000        8.99586000E+04
        3.24500000        8.99753095E+04
        3.25400000        8.99915671E+04
        3.26300000        9.00073856E+04
        3.27200000        9.00227774E+04
        3.28100000        9.00377545E+04
        3.29000000        9.00523288E+04
        3.29900000        9.00665116E+04
        3.30800000        9.00803141E+04
        3.31700000        9.00937471E+04
        3.32600000        9.01068210E+04
        3.33500000        9.01195461E+04
        3.34400000        9.01319323E+04
        3.35300000        9.01439892E+04
        3.36200000        9.01557261E+04
        3.37100000        9.01671523E+04
        3.38000000        9.01782765E+04
        3.38900000        9.01891074E+04
        3.39800000        9.01996532E+04
        3.40700000        9.02099221E+04
        3.41600000        9.02199220E+04
        3.42500000        9.02296605E+04
        3.43400000        9.02391451E+04
        3.44300000        9.02483830E+04
        3.45200000        9.02573811E+04
        3.46100000        9.02661464E+04
        3.47000000        9.02746853E+04
        3.47900000        9.02830045E+04
        3.48800000        9.02911100E+04
        3.49700000        9.02990079E+04
        3.50600000        9.03067042E+04
        3.51500000        9.03142045E+04
        3.52400000        9.03215145E+04
        3.53300000        9.03286394E+04
        3.54200000        9.03355844E+04
        3.55100000        9.03423548E+04
        3.56000000        9.03489554E+04
        3.56900000        9.03553910E+04
        3.57800000        9.03616662E+04
        3.58700000        9.03677855E+04
        3.59600000        9.03737534E+04
        3.60500000        9.03795741E+04
        3.61400000        9.03852517E+04
        3.62300000        9.03907901E+04
        3.63200000        9.03961934E+04
        3.64100000        9.04014652E+04
        3.65000000        9.04066093E+04
        3.65900000        9.04116291E+04
        3.66800000        9.04165282E+04
        3.67700000        9.04213098E+04
        3.68600000        9.04259773E+04
        3.69500000        9.04305338E+04
        3.70400000        9.04349824E+04
        3.71300000        9.04393260E+04
        3.72200000        9.04435675E+04
        3.73100000        9.04477097E+04
        3.74000000        9.04517554E+04
        3.74900000        9.04557071E+04
        3.75800000        9.04595675E+04
        3.76700000        9.04633390E+04
        3.77600000        9.04670241E+04
        3.78500000        9.04706251E+04
        3.79400000        9.04741442E+04
        3.80300000        9.04775837E+04
        3.81200000        9.04809458E+04
        3.82100000        9.04842324E+04
        3.83000000        9.04874456E+04
        3.83900000        9.04905875E+04
        3.84800000        9.04936598E+04
        3.85700000        9.04966645E+04
        3.86600000        9.04996033E+04
        3.87500000        9.05024780E+04
        3.88400000        9.05052902E+04
        3.89300000        9.05080417E+04
        3.90200000        9.05107340E+04
        3.91100000        9.05133686E+04
        3.92000000        9.05159472E+04
        3.92900000        9.05184710E+04
        3.93800000        9.05209416E+04
        3.94700000        9.05233603E+04
        3.95600000        9.05257285E+04
        3.96500000        9.05280474E+04
        3.97400000        9.05303184E+04
        3.98300000        9.05325426E+04
        3.99200000        9.05347213E+04
        4.00100000        9.05368555E+04
        4.01000000        9.05389465E+04
        4.01900000        9.05409953E+04
        4.02800000        9.05430030E+04
        4.03700000        9.05449705E+04
        4.04600000        9.05468990E+04
        4.05500000        9.05487894E+04
        4.06400000        9.05506426E+04
        4.07300000        9.05524596E+04
        4.08200000        9.05542411E+04
        4.09100000        9.05559882E+04
        4.10000000        9.05577017E+04
        4.10900000        9.05593823E+04
        4.11800000        9.05610309E+04
        4.12700000        9.05626482E+04
        4.13600000        9.05642350E+04
        4.14500000        9.05657920E+04
        4.15400000        9.05673200E+04
        4.16300000        9.05688196E+04
        4.17200000        9.05702915E+04
        4.18100000        9.05717363E+04
        4.19000000        9.05731548E+04
        4.19900000        9.05745475E+04
        4.20800000        9.05759149E+04
        4.21700000        9.05772578E+04
        4.22600000        9.05785766E+04
        4.23500000        9.05798720E+04
        4.24400000        9.05811444E+04
        4.25300000        9.05823944E+04
        4.26200000        9.05836225E+04
        4.27100000        9.05848292E+04
        4.28000000        9.05860149E+04
        4.28900000        9.05871802E+04
        4.29800000        9.05883255E+04
        4.30700000        9.05894513E+04
        4.31600000        9.05905579E+04
        4.32500000        9.05916458E+04
        4.33400000        9.05927154E+04
        4.34300000        9.05937672E+04
        4.35200000        9.05948014E+04
        4.36100000        9.05958186E+04
        4.37000000        9.05968190E+04
        4.37900000        9.05978030E+04
        4.38800000        9.05987709E+04
        4.39700000        9.05997232E+04
        4.40600000        9.06006601E+04
        4.41500000        9.06015819E+04
        4.42400000        9.06024890E+04
        4.43300000        9.06033818E+04
        4.44200000        9.06042603E+04
        4.45100000        9.06051251E+04
        4.46000000        9.06059763E+04
        4.46900000        9.06068143E+04
        4.47800000        9.06076393E+04
        4.48700000        9.06084515E+04
        4.49600000        9.06092513E+04
        4.50500000        9.06100388E+04
        4.51400000        9.06108144E+04
        4.52300000        9.06115783E+04
        4.53200000        9.06123306E+04
        4.54100000        9.06130717E+04
        4.55000000        9.06138017E+04
        4.55900000        9.06145208E+04
        4.56800000        9.06152294E+04
        4.57700000        9.06159275E+04
        4.58600000        9.06166154E+04
        4.59500000        9.06172933E+04
        4.60400000        9.06179613E+04
        4.61300000        9.06186197E+04
        4.62200000        9.06192686E+04
        4.63100000        9.06199083E+04
        4.64000000        9.06205388E+04
        4.64900000        9.06211604E+04
        4.65800000        9.06217732E+04
        4.66700000        9.06223774E+04
        4.67600000        9.06229731E+04
        4.68500000        9.06235605E+04
        4.69400000        9.06241398E+04
        4.70300000        9.06247111E+04
        4.71200000        9.06252745E+04
        4.72100000        9.06258302E+04
        4.73000000        9.06263784E+04
        4.73900000        9.06269190E+04
        4.74800000        9.06274524E+04
        4.75700000        9.06279786E+04
        4.76600000        9.06284977E+04
        4.77500000        9.06290099E+04
        4.78400000        9.06295153E+04
        4.79300000        9.06300139E+04
        4.80200000        9.06305060E+04
        4.81100000        9.06309916E+04
        4.82000000        9.06314709E+04
        4.82900000        9.06319439E+04
        4.83800000        9.06324108E+04
        4.84700000        9.06328716E+04
        4.85600000        9.06333264E+04
        4.86500000        9.06337755E+04
        4.87400000        9.06342188E+04
        4.88300000        9.06346564E+04
        4.89200000        9.06350885E+04
        4.90100000        9.06355151E+04
        4.91000000        9.06359363E+04
        4.91900000        9.06363522E+04
        4.92800000        9.06367630E+04
        4.93700000        9.06371686E+04
        4.94600000        9.06375691E+04
        4.95500000        9.06379647E+04
        4.96400000        9.06383554E+04
        4.97300000        9.06387414E+04
        4.98200000        9.06391225E+04
        4.99100000        9.06394991E+04
        5.00000000        9.06398710E+04

Equilibrium properties
           imin =                     71
   r_imin / ang =           1.1300000000
V(r_imin) / cm-1 =       -90676.75324116
 Has a single min?                    No
 True r_e  / ang =                  N.A.

Derivatives at true re
der0, cm-1       =                  N.A.
der1, cm-1/ang   =                  N.A.
der2, cm-1/ang^2 =                  N.A.
der3, cm-1/ang^3 =                  N.A.
der4, cm-1/ang^4 =                  N.A.

Harmonic we, cm-1=                  N.A.
  Rotat. B0, cm-1=                  N.A.
Anharm. const. xe=                  N.A.
 Coriol. ae, cm-1=                  N.A.
  Centr. De, cm-1=                  N.A.
        Y00, cm-1=                  N.A.

Approximate J=0 vibrational energy levels (no couplings) 
 given by E(v, J=0) = V(re) + Y00 + we*(v+0.5) - we*xe*(v+0.5)^2
                 v
                 0                  N.A.
                 1                  N.A.
                 2                  N.A.
                 3                  N.A.

            Spin =                   0.0
        |Lambda| =                   0.0
  Physical J_min =                   0.0

Approximate J=J_min vibrational-rotational energy levels (no couplings)
 given by E(v, J) = E(v, J=0) B0*J*(J+1)- ae*(v+0.5)*J*(J+1) - De*[J(J+1)]^2
                 v
                 0                  N.A.
                 1                  N.A.
                 2                  N.A.
                 3                  N.A.


Dipole moment functions:
   1  L_2015
        r(Ang)            1
        0.50000000         2.62608345
        0.50900000         2.64143686
        0.51800000         2.65734538
        0.52700000         2.67376215
        0.53600000         2.69064161
        0.54500000         2.70793954
        0.55400000         2.72561295
        0.56300000         2.74362018
        0.57200000         2.76192077
        0.58100000         2.78047553
        0.59000000         2.79924646
        0.59900000         2.81819678
        0.60800000         2.83729089
        0.61700000         2.85649436
        0.62600000         2.87577389
        0.63500000         2.89509733
        0.64400000         2.91443366
        0.65300000         2.93375294
        0.66200000         2.95302631
        0.67100000         2.97222600
        0.68000000         2.99132526
        0.68900000         3.01029839
        0.69800000         3.02912071
        0.70700000         3.04776852
        0.71600000         3.06621912
        0.72500000         3.08445077
        0.73400000         3.10244267
        0.74300000         3.12017497
        0.75200000         3.13762871
        0.76100000         3.15478586
        0.77000000         3.17162923
        0.77900000         3.18814254
        0.78800000         3.20431032
        0.79700000         3.22011795
        0.80600000         3.23555162
        0.81500000         3.25059832
        0.82400000         3.26524581
        0.83300000         3.27948262
        0.84200000         3.29329803
        0.85100000         3.30668204
        0.86000000         3.31962538
        0.86900000         3.33211946
        0.87800000         3.34415638
        0.88700000         3.35572888
        0.89600000         3.36683038
        0.90500000         3.37745491
        0.91400000         3.38759711
        0.92300000         3.39725222
        0.93200000         3.40641605
        0.94100000         3.41508498
        0.95000000         3.42325595
        0.95900000         3.43092639
        0.96800000         3.43809428
        0.97700000         3.44475806
        0.98600000         3.45091668
        0.99500000         3.45656952
        1.00400000         3.46171643
        1.01300000         3.46635767
        1.02200000         3.47049391
        1.03100000         3.47412623
        1.04000000         3.47725606
        1.04900000         3.47988523
        1.05800000         3.48201586
        1.06700000         3.48365043
        1.07600000         3.48479174
        1.08500000         3.48544285
        1.09400000         3.48560711
        1.10300000         3.48528813
        1.11200000         3.48448977
        1.12100000         3.48321610
        1.13000000         3.48147140
        1.13900000         3.47926015
        1.14800000         3.47658701
        1.15700000         3.47345677
        1.16600000         3.46987439
        1.17500000         3.46584495
        1.18400000         3.46137361
        1.19300000         3.45646566
        1.20200000         3.45112643
        1.21100000         3.44536134
        1.22000000         3.43917581
        1.22900000         3.43257533
        1.23800000         3.42556534
        1.24700000         3.41815133
        1.25600000         3.41033871
        1.26500000         3.40213288
        1.27400000         3.39353917
        1.28300000         3.38456283
        1.29200000         3.37520901
        1.30100000         3.36548276
        1.31000000         3.35538899
        1.31900000         3.34493248
        1.32800000         3.33411783
        1.33700000         3.32294948
        1.34600000         3.31143165
        1.35500000         3.29956838
        1.36400000         3.28736345
        1.37300000         3.27482041
        1.38200000         3.26194256
        1.39100000         3.24873288
        1.40000000         3.23519409
        1.40900000         3.22132859
        1.41800000         3.20713845
        1.42700000         3.19262536
        1.43600000         3.17779071
        1.44500000         3.16263545
        1.45400000         3.14716016
        1.46300000         3.13136501
        1.47200000         3.11524972
        1.48100000         3.09881358
        1.49000000         3.08205541
        1.49900000         3.06497354
        1.50800000         3.04756582
        1.51700000         3.02982956
        1.52600000         3.01176156
        1.53500000         2.99335806
        1.54400000         2.97461473
        1.55300000         2.95552668
        1.56200000         2.93608839
        1.57100000         2.91629374
        1.58000000         2.89613599
        1.58900000         2.87560772
        1.59800000         2.85470087
        1.60700000         2.83340669
        1.61600000         2.81171571
        1.62500000         2.78961777
        1.63400000         2.76710196
        1.64300000         2.74415662
        1.65200000         2.72076934
        1.66100000         2.69692691
        1.67000000         2.67261531
        1.67900000         2.64781972
        1.68800000         2.62252449
        1.69700000         2.59671308
        1.70600000         2.57036813
        1.71500000         2.54347137
        1.72400000         2.51600362
        1.73300000         2.48794480
        1.74200000         2.45927389
        1.75100000         2.42996891
        1.76000000         2.40000690
        1.76900000         2.36936395
        1.77800000         2.33801512
        1.78700000         2.30593444
        1.79600000         2.27309493
        1.80500000         2.23946855
        1.81400000         2.20502617
        1.82300000         2.16973760
        1.83200000         2.13357152
        1.84100000         2.09649551
        1.85000000         2.05847601
        1.85900000         2.01947829
        1.86800000         1.97946647
        1.87700000         1.93840345
        1.88600000         1.89625097
        1.89500000         1.85296951
        1.90400000         1.80851833
        1.91300000         1.76285543
        1.92200000         1.71593754
        1.93100000         1.66772009
        1.94000000         1.61815722
        1.94900000         1.56720174
        1.95800000         1.51480512
        1.96700000         1.46091747
        1.97600000         1.40548753
        1.98500000         1.34846266
        1.99400000         1.28978880
        2.00300000         1.22941046
        2.01200000         1.16727074
        2.02100000         1.10331125
        2.03000000         1.03747214
        2.03900000         0.96969207
        2.04800000         0.89990818
        2.05700000         0.82805612
        2.06600000         0.75406994
        2.07500000         0.67788220
        2.08400000         0.59942382
        2.09300000         0.51862418
        2.10200000         0.43541102
        2.11100000         0.34971047
        2.12000000         0.26144700
        2.12900000         0.17054345
        2.13800000         0.07692096
        2.14700000        -0.01950102
        2.15600000        -0.11880474
        2.16500000        -0.22107419
        2.17400000        -0.32639509
        2.18300000        -0.43485492
        2.19200000        -0.54654295
        2.20100000        -0.66155024
        2.21000000        -0.77996965
        2.21900000        -0.90189587
        2.22800000        -1.02742545
        2.23700000        -1.15665678
        2.24600000        -1.28969014
        2.25500000        -1.42662770
        2.26400000        -1.56757355
        2.27300000        -1.71263370
        2.28200000        -1.86191611
        2.29100000        -2.01553069
        2.30000000        -2.17358934
        2.30900000        -2.33620596
        2.31800000        -2.50349645
        2.32700000        -2.67557875
        2.33600000        -2.85257285
        2.34500000        -3.03460077
        2.35400000        -3.22178666
        2.36300000        -3.41425672
        2.37200000        -3.61213930
        2.38100000        -3.81556486
        2.39000000        -4.02466601
        2.39900000        -4.23957752
        2.40800000        -4.46043636
        2.41700000        -4.68738167
        2.42600000        -4.92055483
        2.43500000        -5.16009943
        2.44400000        -5.40616132
        2.45300000        -5.65888862
        2.46200000        -5.91843171
        2.47100000        -6.18494329
        2.48000000        -6.45857836
        2.48900000        -6.73949428
        2.49800000        -7.02785072
        2.50700000        -7.32380973
        2.51600000        -7.62753577
        2.52500000        -7.93919565
        2.53400000        -8.25895864
        2.54300000        -8.58699643
        2.55200000        -8.92348314
        2.56100000        -9.26859538
        2.57000000        -9.62251223
        2.57900000        -9.98541529
        2.58800000       -10.35748865
        2.59700000       -10.73891895
        2.60600000       -11.12989539
        2.61500000       -11.53060971
        2.62400000       -11.94125625
        2.63300000       -12.36203197
        2.64200000       -12.79313641
        2.65100000       -13.23477178
        2.66000000       -13.68714292
        2.66900000       -14.15045734
        2.67800000       -14.62492524
        2.68700000       -15.11075954
        2.69600000       -15.60817584
        2.70500000       -16.11739252
        2.71400000       -16.63863067
        2.72300000       -17.17211418
        2.73200000       -17.71806971
        2.74100000       -18.27672674
        2.75000000       -18.84831755
        2.75900000       -19.43307727
        2.76800000       -20.03124388
        2.77700000       -20.64305823
        2.78600000       -21.26876406
        2.79500000       -21.90860801
        2.80400000       -22.56283964
        2.81300000       -23.23171146
        2.82200000       -23.91547892
        2.83100000       -24.61440044
        2.84000000       -25.32873744
        2.84900000       -26.05875435
        2.85800000       -26.80471859
        2.86700000       -27.56690066
        2.87600000       -28.34557409
        2.88500000       -29.14101548
        2.89400000       -29.95350454
        2.90300000       -30.78332407
        2.91200000       -31.63076000
        2.92100000       -32.49610138
        2.93000000       -33.37964045
        2.93900000       -34.28167260
        2.94800000       -35.20249642
        2.95700000       -36.14241369
        2.96600000       -37.10172945
        2.97500000       -38.08075193
        2.98400000       -39.07979266
        2.99300000       -40.09916643
        3.00200000       -41.13919132
        3.01100000       -42.20018871
        3.02000000       -43.28248332
        3.02900000       -44.38640320
        3.03800000       -45.51227977
        3.04700000       -46.66044781
        3.05600000       -47.83124550
        3.06500000       -49.02501443
        3.07400000       -50.24209961
        3.08300000       -51.48284951
        3.09200000       -52.74761604
        3.10100000       -54.03675458
        3.11000000       -55.35062403
        3.11900000       -56.68958678
        3.12800000       -58.05400875
        3.13700000       -59.44425941
        3.14600000       -60.86071178
        3.15500000       -62.30374246
        3.16400000       -63.77373165
        3.17300000       -65.27106316
        3.18200000       -66.79612442
        3.19100000       -68.34930651
        3.20000000       -69.93100417
        3.20900000       -71.54161582
        3.21800000       -73.18154356
        3.22700000       -74.85119323
        3.23600000       -76.55097438
        3.24500000       -78.28130030
        3.25400000       -80.04258806
        3.26300000       -81.83525849
        3.27200000       -83.65973624
        3.28100000       -85.51644974
        3.29000000       -87.40583127
        3.29900000       -89.32831697
        3.30800000       -91.28434680
        3.31700000       -93.27436465
        3.32600000       -95.29881827
        3.33500000       -97.35815934
        3.34400000       -99.45284347
        3.35300000      -101.58333020
        3.36200000      -103.75008307
        3.37100000      -105.95356956
        3.38000000      -108.19426118
        3.38900000      -110.47263343
        3.39800000      -112.78916586
        3.40700000      -115.14434205
        3.41600000      -117.53864967
        3.42500000      -119.97258045
        3.43400000      -122.44663023
        3.44300000      -124.96129895
        3.45200000      -127.51709070
        3.46100000      -130.11451371
        3.47000000      -132.75408039
        3.47900000      -135.43630730
        3.48800000      -138.16171524
        3.49700000      -140.93082920
        3.50600000      -143.74417841
        3.51500000      -146.60229635
        3.52400000      -149.50572076
        3.53300000      -152.45499369
        3.54200000      -155.45066145
        3.55100000      -158.49327469
        3.56000000      -161.58338841
        3.56900000      -164.72156193
        3.57800000      -167.90835895
        3.58700000      -171.14434757
        3.59600000      -174.43010026
        3.60500000      -177.76619393
        3.61400000      -181.15320993
        3.62300000      -184.59173404
        3.63200000      -188.08235653
        3.64100000      -191.62567214
        3.65000000      -195.22228013
        3.65900000      -198.87278426
        3.66800000      -202.57779283
        3.67700000      -206.33791870
        3.68600000      -210.15377930
        3.69500000      -214.02599665
        3.70400000      -217.95519735
        3.71300000      -221.94201265
        3.72200000      -225.98707842
        3.73100000      -230.09103518
        3.74000000      -234.25452814
        3.74900000      -238.47820718
        3.75800000      -242.76272689
        3.76700000      -247.10874657
        3.77600000      -251.51693029
        3.78500000      -255.98794684
        3.79400000      -260.52246979
        3.80300000      -265.12117752
        3.81200000      -269.78475318
        3.82100000      -274.51388477
        3.83000000      -279.30926512
        3.83900000      -284.17159191
        3.84800000      -289.10156770
        3.85700000      -294.09989994
        3.86600000      -299.16730098
        3.87500000      -304.30448809
        3.88400000      -309.51218349
        3.89300000      -314.79111436
        3.90200000      -320.14201284
        3.91100000      -325.56561605
        3.92000000      -331.06266616
        3.92900000      -336.63391032
        3.93800000      -342.28010074
        3.94700000      -348.00199469
        3.95600000      -353.80035450
        3.96500000      -359.67594761
        3.97400000      -365.62954655
        3.98300000      -371.66192899
        3.99200000      -377.77387773
        4.00100000      -383.96618074
        4.01000000      -390.23963115
        4.01900000      -396.59502730
        4.02800000      -403.03317272
        4.03700000      -409.55487619
        4.04600000      -416.16095171
        4.05500000      -422.85221854
        4.06400000      -429.62950123
        4.07300000      -436.49362962
        4.08200000      -443.44543886
        4.09100000      -450.48576941
        4.10000000      -457.61546711
        4.10900000      -464.83538311
        4.11800000      -472.14637398
        4.12700000      -479.54930167
        4.13600000      -487.04503353
        4.14500000      -494.63444235
        4.15400000      -502.31840637
        4.16300000      -510.09780928
        4.17200000      -517.97354025
        4.18100000      -525.94649394
        4.19000000      -534.01757053
        4.19900000      -542.18767573
        4.20800000      -550.45772079
        4.21700000      -558.82862252
        4.22600000      -567.30130333
        4.23500000      -575.87669119
        4.24400000      -584.55571970
        4.25300000      -593.33932811
        4.26200000      -602.22846128
        4.27100000      -611.22406976
        4.28000000      -620.32710977
        4.28900000      -629.53854322
        4.29800000      -638.85933776
        4.30700000      -648.29046673
        4.31600000      -657.83290925
        4.32500000      -667.48765018
        4.33400000      -677.25568020
        4.34300000      -687.13799574
        4.35200000      -697.13559908
        4.36100000      -707.24949831
        4.37000000      -717.48070737
        4.37900000      -727.83024609
        4.38800000      -738.29914014
        4.39700000      -748.88842113
        4.40600000      -759.59912656
        4.41500000      -770.43229988
        4.42400000      -781.38899046
        4.43300000      -792.47025367
        4.44200000      -803.67715084
        4.45100000      -815.01074931
        4.46000000      -826.47212243
        4.46900000      -838.06234959
        4.47800000      -849.78251624
        4.48700000      -861.63371386
        4.49600000      -873.61704006
        4.50500000      -885.73359851
        4.51400000      -897.98449903
        4.52300000      -910.37085756
        4.53200000      -922.89379618
        4.54100000      -935.55444316
        4.55000000      -948.35393294
        4.55900000      -961.29340616
        4.56800000      -974.37400970
        4.57700000      -987.59689664
        4.58600000     -1000.96322634
        4.59500000     -1014.47416443
        4.60400000     -1028.13088279
        4.61300000     -1041.93455965
        4.62200000     -1055.88637953
        4.63100000     -1069.98753330
        4.64000000     -1084.23921816
        4.64900000     -1098.64263771
        4.65800000     -1113.19900192
        4.66700000     -1127.90952716
        4.67600000     -1142.77543624
        4.68500000     -1157.79795838
        4.69400000     -1172.97832927
        4.70300000     -1188.31779108
        4.71200000     -1203.81759244
        4.72100000     -1219.47898851
        4.73000000     -1235.30324095
        4.73900000     -1251.29161798
        4.74800000     -1267.44539437
        4.75700000     -1283.76585144
